<?xml version="1.0" encoding="UTF-8"?>
<!-- Generated by org.testng.reporters.JUnitReportReporter -->
<testsuite hostname="Lenovo-PClenovo" failures="0" tests="1" name="Runner.RunApp" time="67.639" errors="0" timestamp="2023-01-15T11:05:24 IST" skipped="0">
  <testcase classname="Runner.RunApp" name="runcrm" time="67.639"/>
  <system-out/>
</testsuite> <!-- Runner.RunApp -->
