<?xml version="1.0" encoding="UTF-8"?>
<!-- Generated by org.testng.reporters.JUnitReportReporter -->
<testsuite hostname="Lenovo-PClenovo" failures="0" tests="1" name="Objects.RunApp" time="65.702" errors="0" timestamp="2023-01-14T17:08:19 IST" skipped="0">
  <testcase classname="Objects.RunApp" name="runcrm" time="65.702"/>
  <system-out/>
</testsuite> <!-- Objects.RunApp -->
